<?xml version="1.0" encoding="UTF-8"?>
<testsuite xmlns:xsi="http://www.w3.org/2001/XMLSchema-instance" xsi:noNamespaceSchemaLocation="https://maven.apache.org/surefire/maven-surefire-plugin/xsd/surefire-test-report.xsd" name="tech.wangy265.springboot.AppDocumentationTest" time="7.723" tests="5" errors="0" skipped="0" failures="0">
  <properties>
[...]
</properties>
  <testcase name="generateAsciiDocs" classname="tech.wangy265.springboot.AppDocumentationTest" time="1.869"/>
  <testcase name="generateAsciiDocsToFile" classname="tech.wangy265.springboot.AppDocumentationTest" time="0.114"/>
  <testcase name="generateMarkdownDocsToFile" classname="tech.wangy265.springboot.AppDocumentationTest" time="0.057"/>
  <testcase name="generateConfluenceDocs" classname="tech.wangy265.springboot.AppDocumentationTest" time="0.063"/>
  <testcase name="generateMarkdownDocs" classname="tech.wangy265.springboot.AppDocumentationTest" time="0.047"/>
</testsuite>